<?xml version="1.0" encoding="UTF-8" standalone="yes"?>
<testsuites name="Fake REST API Service Test Suite" time="0" tests="0" failures="0" errors="0">
    <testsuite name="Fake REST API Service Test Suite" tests="0" failures="0" errors="0" time="0" timestamp="2019-11-28 20:52:06" hostname="BaPpY - 192.168.0.108" id="Test Suites/API Chaining/Fake REST API Service Test Suite">
        <properties>
            <property name="deviceName" value=""/>
            <property name="devicePlatform" value=""/>
            <property name="logFolder" value="G:\\Katalon Studio\\Katalon Workspace\\REST API Service Workouts\\Reports\\20191128_205204\\API Chaining\\Fake REST API Service Test Suite\\20191128_205204"/>
            <property name="logFiles" value="G:\\Katalon Studio\\Katalon Workspace\\REST API Service Workouts\\Reports\\20191128_205204\\API Chaining\\Fake REST API Service Test Suite\\20191128_205204\\execution0.log"/>
            <property name="attachments" value=""/>
            <property name="hostName" value="BaPpY - 192.168.0.108"/>
            <property name="hostAddress" value="192.168.0.108"/>
            <property name="os" value="Windows 10 64bit"/>
            <property name="katalonVersion" value="6.3.3.11"/>
        </properties>
        <system-out>2019-11-28 20:52:06 - [TEST_SUITE][INCOMPLETE] - Fake REST API Service Test Suite: null</system-out>
        <system-err>2019-11-28 20:52:06 - [TEST_SUITE][INCOMPLETE] - Fake REST API Service Test Suite: null</system-err>
    </testsuite>
</testsuites>
