<?xml version="1.0" encoding="UTF-8" standalone="yes"?>
<testsuites name="Post Manipulation Test Suite" time="13" tests="4" failures="0" errors="0">
    <testsuite name="Post Manipulation Test Suite" tests="4" failures="0" errors="0" time="13" timestamp="2019-11-20 21:27:47" hostname="BaPpY - 192.168.0.108" id="Test Suites/Data Driven/Post Manipulation Test Suite">
        <properties>
            <property name="deviceName" value=""/>
            <property name="devicePlatform" value=""/>
            <property name="logFolder" value="G:\\Katalon Studio\\Katalon Workspace\\REST API Service Workouts\\Reports\\20191120_212745\\Data Driven\\Post Manipulation Test Suite\\20191120_212745"/>
            <property name="logFiles" value="G:\\Katalon Studio\\Katalon Workspace\\REST API Service Workouts\\Reports\\20191120_212745\\Data Driven\\Post Manipulation Test Suite\\20191120_212745\\execution0.log"/>
            <property name="attachments" value=""/>
            <property name="hostName" value="BaPpY - 192.168.0.108"/>
            <property name="hostAddress" value="192.168.0.108"/>
            <property name="os" value="Windows 10 64bit"/>
            <property name="katalonVersion" value="6.3.3.11"/>
        </properties>
        <testcase name="Test Cases/Data Driven/Placeholder Service Test Case" classname="Test Cases/Data Driven/Placeholder Service Test Case" status="PASSED">
            <system-out>2019-11-20 21:27:48 - [TEST_CASE][PASSED] - Test Cases/Data Driven/Placeholder Service Test Case: Test Cases/Data Driven/Placeholder Service Test Case&#xD;
&#xD;
2019-11-20 21:27:48 - [TEST_STEP][PASSED] - println(post_id): null&#xD;
&#xD;
2019-11-20 21:27:48 - [TEST_STEP][PASSED] - println(post_title): null&#xD;
&#xD;
2019-11-20 21:27:48 - [TEST_STEP][PASSED] - println(updated_title): null&#xD;
&#xD;
2019-11-20 21:27:48 - [TEST_STEP][PASSED] - postResponse = sendRequest(findTestObject("Json Placeholder/Create Post", ["user_id":post_id, "post_title":post_title])): Send request successfully&#xD;
&#xD;
2019-11-20 21:27:50 - [MESSAGE][INFO] - HAR: G:\Katalon Studio\Katalon Workspace\REST API Service Workouts\Reports\20191120_212745\Data Driven\Post Manipulation Test Suite\20191120_212745\requests\main\0.har&#xD;
&#xD;
2019-11-20 21:27:50 - [MESSAGE][PASSED] - Send request successfully&#xD;
&#xD;
2019-11-20 21:27:50 - [TEST_STEP][PASSED] - jsonRequest = new groovy.json.JsonSlurper(): null&#xD;
&#xD;
2019-11-20 21:27:50 - [TEST_STEP][PASSED] - postContent = jsonRequest.parseText(responseBodyContent): null&#xD;
&#xD;
2019-11-20 21:27:50 - [TEST_STEP][PASSED] - extractId = id: null&#xD;
&#xD;
2019-11-20 21:27:50 - [TEST_STEP][PASSED] - extractTitle = title: null&#xD;
&#xD;
2019-11-20 21:27:50 - [TEST_STEP][PASSED] - updatedResponse = sendRequest(findTestObject("Json Placeholder/Update Post", ["user_id":post_id, "post_title":updated_title])): Send request successfully&#xD;
&#xD;
2019-11-20 21:27:54 - [MESSAGE][INFO] - HAR: G:\Katalon Studio\Katalon Workspace\REST API Service Workouts\Reports\20191120_212745\Data Driven\Post Manipulation Test Suite\20191120_212745\requests\main\1.har&#xD;
&#xD;
2019-11-20 21:27:54 - [MESSAGE][PASSED] - Send request successfully&#xD;
&#xD;
2019-11-20 21:27:54 - [TEST_STEP][PASSED] - updateContent = jsonRequest.parseText(updatedResponse.getResponseBodyContent()): null&#xD;
&#xD;
2019-11-20 21:27:54 - [TEST_STEP][PASSED] - extractUpdatedPostTitle = title: null&#xD;
&#xD;
2019-11-20 21:27:54 - [TEST_STEP][PASSED] - post_id = extractId: null&#xD;
&#xD;
2019-11-20 21:27:54 - [TEST_STEP][PASSED] - post_title = extractTitle: null&#xD;
&#xD;
2019-11-20 21:27:54 - [TEST_STEP][PASSED] - updated_title = extractUpdatedPostTitle: null&#xD;
&#xD;
2019-11-20 21:27:54 - [TEST_STEP][PASSED] - println(post_id): null&#xD;
&#xD;
2019-11-20 21:27:54 - [TEST_STEP][PASSED] - println(post_title): null&#xD;
&#xD;
2019-11-20 21:27:54 - [TEST_STEP][PASSED] - println(updated_title): null</system-out>
            <system-err></system-err>
        </testcase>
        <testcase name="Test Cases/Data Driven/Placeholder Service Test Case" classname="Test Cases/Data Driven/Placeholder Service Test Case" status="PASSED">
            <system-out>2019-11-20 21:27:54 - [TEST_CASE][PASSED] - Test Cases/Data Driven/Placeholder Service Test Case: Test Cases/Data Driven/Placeholder Service Test Case&#xD;
&#xD;
2019-11-20 21:27:54 - [TEST_STEP][PASSED] - println(post_id): null&#xD;
&#xD;
2019-11-20 21:27:54 - [TEST_STEP][PASSED] - println(post_title): null&#xD;
&#xD;
2019-11-20 21:27:54 - [TEST_STEP][PASSED] - println(updated_title): null&#xD;
&#xD;
2019-11-20 21:27:54 - [TEST_STEP][PASSED] - postResponse = sendRequest(findTestObject("Json Placeholder/Create Post", ["user_id":post_id, "post_title":post_title])): Send request successfully&#xD;
&#xD;
2019-11-20 21:27:55 - [MESSAGE][INFO] - HAR: G:\Katalon Studio\Katalon Workspace\REST API Service Workouts\Reports\20191120_212745\Data Driven\Post Manipulation Test Suite\20191120_212745\requests\main\2.har&#xD;
&#xD;
2019-11-20 21:27:55 - [MESSAGE][PASSED] - Send request successfully&#xD;
&#xD;
2019-11-20 21:27:55 - [TEST_STEP][PASSED] - jsonRequest = new groovy.json.JsonSlurper(): null&#xD;
&#xD;
2019-11-20 21:27:55 - [TEST_STEP][PASSED] - postContent = jsonRequest.parseText(responseBodyContent): null&#xD;
&#xD;
2019-11-20 21:27:55 - [TEST_STEP][PASSED] - extractId = id: null&#xD;
&#xD;
2019-11-20 21:27:55 - [TEST_STEP][PASSED] - extractTitle = title: null&#xD;
&#xD;
2019-11-20 21:27:55 - [TEST_STEP][PASSED] - updatedResponse = sendRequest(findTestObject("Json Placeholder/Update Post", ["user_id":post_id, "post_title":updated_title])): Send request successfully&#xD;
&#xD;
2019-11-20 21:27:56 - [MESSAGE][INFO] - HAR: G:\Katalon Studio\Katalon Workspace\REST API Service Workouts\Reports\20191120_212745\Data Driven\Post Manipulation Test Suite\20191120_212745\requests\main\3.har&#xD;
&#xD;
2019-11-20 21:27:56 - [MESSAGE][PASSED] - Send request successfully&#xD;
&#xD;
2019-11-20 21:27:56 - [TEST_STEP][PASSED] - updateContent = jsonRequest.parseText(updatedResponse.getResponseBodyContent()): null&#xD;
&#xD;
2019-11-20 21:27:56 - [TEST_STEP][PASSED] - extractUpdatedPostTitle = title: null&#xD;
&#xD;
2019-11-20 21:27:56 - [TEST_STEP][PASSED] - post_id = extractId: null&#xD;
&#xD;
2019-11-20 21:27:56 - [TEST_STEP][PASSED] - post_title = extractTitle: null&#xD;
&#xD;
2019-11-20 21:27:56 - [TEST_STEP][PASSED] - updated_title = extractUpdatedPostTitle: null&#xD;
&#xD;
2019-11-20 21:27:56 - [TEST_STEP][PASSED] - println(post_id): null&#xD;
&#xD;
2019-11-20 21:27:56 - [TEST_STEP][PASSED] - println(post_title): null&#xD;
&#xD;
2019-11-20 21:27:56 - [TEST_STEP][PASSED] - println(updated_title): null</system-out>
            <system-err></system-err>
        </testcase>
        <testcase name="Test Cases/Data Driven/Placeholder Service Test Case" classname="Test Cases/Data Driven/Placeholder Service Test Case" status="PASSED">
            <system-out>2019-11-20 21:27:56 - [TEST_CASE][PASSED] - Test Cases/Data Driven/Placeholder Service Test Case: Test Cases/Data Driven/Placeholder Service Test Case&#xD;
&#xD;
2019-11-20 21:27:56 - [TEST_STEP][PASSED] - println(post_id): null&#xD;
&#xD;
2019-11-20 21:27:56 - [TEST_STEP][PASSED] - println(post_title): null&#xD;
&#xD;
2019-11-20 21:27:56 - [TEST_STEP][PASSED] - println(updated_title): null&#xD;
&#xD;
2019-11-20 21:27:56 - [TEST_STEP][PASSED] - postResponse = sendRequest(findTestObject("Json Placeholder/Create Post", ["user_id":post_id, "post_title":post_title])): Send request successfully&#xD;
&#xD;
2019-11-20 21:27:57 - [MESSAGE][INFO] - HAR: G:\Katalon Studio\Katalon Workspace\REST API Service Workouts\Reports\20191120_212745\Data Driven\Post Manipulation Test Suite\20191120_212745\requests\main\4.har&#xD;
&#xD;
2019-11-20 21:27:57 - [MESSAGE][PASSED] - Send request successfully&#xD;
&#xD;
2019-11-20 21:27:57 - [TEST_STEP][PASSED] - jsonRequest = new groovy.json.JsonSlurper(): null&#xD;
&#xD;
2019-11-20 21:27:57 - [TEST_STEP][PASSED] - postContent = jsonRequest.parseText(responseBodyContent): null&#xD;
&#xD;
2019-11-20 21:27:57 - [TEST_STEP][PASSED] - extractId = id: null&#xD;
&#xD;
2019-11-20 21:27:57 - [TEST_STEP][PASSED] - extractTitle = title: null&#xD;
&#xD;
2019-11-20 21:27:57 - [TEST_STEP][PASSED] - updatedResponse = sendRequest(findTestObject("Json Placeholder/Update Post", ["user_id":post_id, "post_title":updated_title])): Send request successfully&#xD;
&#xD;
2019-11-20 21:27:58 - [MESSAGE][INFO] - HAR: G:\Katalon Studio\Katalon Workspace\REST API Service Workouts\Reports\20191120_212745\Data Driven\Post Manipulation Test Suite\20191120_212745\requests\main\5.har&#xD;
&#xD;
2019-11-20 21:27:58 - [MESSAGE][PASSED] - Send request successfully&#xD;
&#xD;
2019-11-20 21:27:58 - [TEST_STEP][PASSED] - updateContent = jsonRequest.parseText(updatedResponse.getResponseBodyContent()): null&#xD;
&#xD;
2019-11-20 21:27:58 - [TEST_STEP][PASSED] - extractUpdatedPostTitle = title: null&#xD;
&#xD;
2019-11-20 21:27:58 - [TEST_STEP][PASSED] - post_id = extractId: null&#xD;
&#xD;
2019-11-20 21:27:58 - [TEST_STEP][PASSED] - post_title = extractTitle: null&#xD;
&#xD;
2019-11-20 21:27:58 - [TEST_STEP][PASSED] - updated_title = extractUpdatedPostTitle: null&#xD;
&#xD;
2019-11-20 21:27:58 - [TEST_STEP][PASSED] - println(post_id): null&#xD;
&#xD;
2019-11-20 21:27:58 - [TEST_STEP][PASSED] - println(post_title): null&#xD;
&#xD;
2019-11-20 21:27:58 - [TEST_STEP][PASSED] - println(updated_title): null</system-out>
            <system-err></system-err>
        </testcase>
        <testcase name="Test Cases/Data Driven/Placeholder Service Test Case" classname="Test Cases/Data Driven/Placeholder Service Test Case" status="PASSED">
            <system-out>2019-11-20 21:27:58 - [TEST_CASE][PASSED] - Test Cases/Data Driven/Placeholder Service Test Case: Test Cases/Data Driven/Placeholder Service Test Case&#xD;
&#xD;
2019-11-20 21:27:58 - [TEST_STEP][PASSED] - println(post_id): null&#xD;
&#xD;
2019-11-20 21:27:58 - [TEST_STEP][PASSED] - println(post_title): null&#xD;
&#xD;
2019-11-20 21:27:58 - [TEST_STEP][PASSED] - println(updated_title): null&#xD;
&#xD;
2019-11-20 21:27:58 - [TEST_STEP][PASSED] - postResponse = sendRequest(findTestObject("Json Placeholder/Create Post", ["user_id":post_id, "post_title":post_title])): Send request successfully&#xD;
&#xD;
2019-11-20 21:27:59 - [MESSAGE][INFO] - HAR: G:\Katalon Studio\Katalon Workspace\REST API Service Workouts\Reports\20191120_212745\Data Driven\Post Manipulation Test Suite\20191120_212745\requests\main\6.har&#xD;
&#xD;
2019-11-20 21:27:59 - [MESSAGE][PASSED] - Send request successfully&#xD;
&#xD;
2019-11-20 21:27:59 - [TEST_STEP][PASSED] - jsonRequest = new groovy.json.JsonSlurper(): null&#xD;
&#xD;
2019-11-20 21:27:59 - [TEST_STEP][PASSED] - postContent = jsonRequest.parseText(responseBodyContent): null&#xD;
&#xD;
2019-11-20 21:27:59 - [TEST_STEP][PASSED] - extractId = id: null&#xD;
&#xD;
2019-11-20 21:27:59 - [TEST_STEP][PASSED] - extractTitle = title: null&#xD;
&#xD;
2019-11-20 21:27:59 - [TEST_STEP][PASSED] - updatedResponse = sendRequest(findTestObject("Json Placeholder/Update Post", ["user_id":post_id, "post_title":updated_title])): Send request successfully&#xD;
&#xD;
2019-11-20 21:28:00 - [MESSAGE][INFO] - HAR: G:\Katalon Studio\Katalon Workspace\REST API Service Workouts\Reports\20191120_212745\Data Driven\Post Manipulation Test Suite\20191120_212745\requests\main\7.har&#xD;
&#xD;
2019-11-20 21:28:00 - [MESSAGE][PASSED] - Send request successfully&#xD;
&#xD;
2019-11-20 21:28:00 - [TEST_STEP][PASSED] - updateContent = jsonRequest.parseText(updatedResponse.getResponseBodyContent()): null&#xD;
&#xD;
2019-11-20 21:28:00 - [TEST_STEP][PASSED] - extractUpdatedPostTitle = title: null&#xD;
&#xD;
2019-11-20 21:28:00 - [TEST_STEP][PASSED] - post_id = extractId: null&#xD;
&#xD;
2019-11-20 21:28:00 - [TEST_STEP][PASSED] - post_title = extractTitle: null&#xD;
&#xD;
2019-11-20 21:28:00 - [TEST_STEP][PASSED] - updated_title = extractUpdatedPostTitle: null&#xD;
&#xD;
2019-11-20 21:28:00 - [TEST_STEP][PASSED] - println(post_id): null&#xD;
&#xD;
2019-11-20 21:28:00 - [TEST_STEP][PASSED] - println(post_title): null&#xD;
&#xD;
2019-11-20 21:28:00 - [TEST_STEP][PASSED] - println(updated_title): null</system-out>
            <system-err></system-err>
        </testcase>
        <system-out>2019-11-20 21:27:47 - [TEST_SUITE][INCOMPLETE] - Post Manipulation Test Suite: null</system-out>
        <system-err>2019-11-20 21:27:47 - [TEST_SUITE][INCOMPLETE] - Post Manipulation Test Suite: null</system-err>
    </testsuite>
</testsuites>
