<?xml version="1.0" encoding="UTF-8" standalone="yes"?>
<testsuites name="Multiple Sources Test Suite" time="6" tests="4" failures="0" errors="0">
    <testsuite name="Multiple Sources Test Suite" tests="4" failures="0" errors="0" time="6" timestamp="2019-11-28 20:53:08" hostname="BaPpY - 192.168.0.108" id="Test Suites/Multiple DataSources/Multiple Sources Test Suite">
        <properties>
            <property name="deviceName" value=""/>
            <property name="devicePlatform" value=""/>
            <property name="logFolder" value="G:\\Katalon Studio\\Katalon Workspace\\REST API Service Workouts\\Reports\\20191128_205305\\Multiple DataSources\\Multiple Sources Test Suite\\20191128_205305"/>
            <property name="logFiles" value="G:\\Katalon Studio\\Katalon Workspace\\REST API Service Workouts\\Reports\\20191128_205305\\Multiple DataSources\\Multiple Sources Test Suite\\20191128_205305\\execution0.log"/>
            <property name="attachments" value=""/>
            <property name="hostName" value="BaPpY - 192.168.0.108"/>
            <property name="hostAddress" value="192.168.0.108"/>
            <property name="os" value="Windows 10 64bit"/>
            <property name="katalonVersion" value="6.3.3.11"/>
        </properties>
        <testcase name="Test Cases/Multiple DataSources/Books Details Test Case" classname="Test Cases/Multiple DataSources/Books Details Test Case" status="PASSED">
            <system-out>2019-11-28 20:53:09 - [TEST_CASE][PASSED] - Test Cases/Multiple DataSources/Books Details Test Case: Test Cases/Multiple DataSources/Books Details Test Case&#xD;
&#xD;
2019-11-28 20:53:09 - [TEST_STEP][PASSED] - Start listener action : sampleBeforeTestCase: null&#xD;
&#xD;
2019-11-28 20:53:09 - [TEST_STEP][PASSED] - println(testCaseContext.getTestCaseId()): null&#xD;
&#xD;
2019-11-28 20:53:09 - [TEST_STEP][PASSED] - println(testCaseContext.getTestCaseVariables()): null&#xD;
&#xD;
2019-11-28 20:53:09 - [TEST_STEP][PASSED] - println(Book_ID): null&#xD;
&#xD;
2019-11-28 20:53:09 - [TEST_STEP][PASSED] - println(Book_Title): null&#xD;
&#xD;
2019-11-28 20:53:10 - [TEST_STEP][PASSED] - println(Book_Description): null&#xD;
&#xD;
2019-11-28 20:53:10 - [TEST_STEP][PASSED] - println(Book_Excerpt): null&#xD;
&#xD;
2019-11-28 20:53:10 - [TEST_STEP][PASSED] - println(Book_Published): null&#xD;
&#xD;
2019-11-28 20:53:10 - [TEST_STEP][PASSED] - date = new java.util.Date(): null&#xD;
&#xD;
2019-11-28 20:53:10 - [TEST_STEP][PASSED] - dateFormat = calendarDate: null&#xD;
&#xD;
2019-11-28 20:53:10 - [TEST_STEP][PASSED] - println(dateFormat): null&#xD;
&#xD;
2019-11-28 20:53:10 - [TEST_STEP][PASSED] - Book_Published = dateFormat: null&#xD;
&#xD;
2019-11-28 20:53:10 - [TEST_STEP][PASSED] - createdResponse = sendRequest(findTestObject("REST Example/Books Requests/Post New Book Request", ["book_id":Book_ID, "book_title":Book_Title, "book_description":Book_Description, "book_excerpt":Book_Excerpt, "books_published":Book_Published])): Send request successfully&#xD;
&#xD;
2019-11-28 20:53:12 - [MESSAGE][INFO] - HAR: G:\Katalon Studio\Katalon Workspace\REST API Service Workouts\Reports\20191128_205305\Multiple DataSources\Multiple Sources Test Suite\20191128_205305\requests\main\0.har&#xD;
&#xD;
2019-11-28 20:53:12 - [MESSAGE][PASSED] - Send request successfully&#xD;
&#xD;
2019-11-28 20:53:12 - [TEST_STEP][PASSED] - jsonResponse = new groovy.json.JsonSlurper(): null&#xD;
&#xD;
2019-11-28 20:53:12 - [TEST_STEP][PASSED] - createdContent = jsonResponse.parseText(responseBodyContent): null&#xD;
&#xD;
2019-11-28 20:53:12 - [TEST_STEP][PASSED] - extract_BookID = ID: null&#xD;
&#xD;
2019-11-28 20:53:12 - [TEST_STEP][PASSED] - extract_BookTitle = Title: null&#xD;
&#xD;
2019-11-28 20:53:12 - [TEST_STEP][PASSED] - extract_BookDescription = Description: null&#xD;
&#xD;
2019-11-28 20:53:12 - [TEST_STEP][PASSED] - extract_BookExcerpt = Excerpt: null&#xD;
&#xD;
2019-11-28 20:53:12 - [TEST_STEP][PASSED] - extract_BookPDate = PublishDate: null&#xD;
&#xD;
2019-11-28 20:53:12 - [TEST_STEP][PASSED] - assert Book_Title == extract_BookTitle: null&#xD;
&#xD;
2019-11-28 20:53:12 - [TEST_STEP][PASSED] - assert Book_Description == extract_BookDescription: null&#xD;
&#xD;
2019-11-28 20:53:12 - [TEST_STEP][PASSED] - assert Book_Excerpt == extract_BookExcerpt: null&#xD;
&#xD;
2019-11-28 20:53:12 - [TEST_STEP][PASSED] - println(Updated_Title): null&#xD;
&#xD;
2019-11-28 20:53:12 - [TEST_STEP][PASSED] - println(Updated_Description): null&#xD;
&#xD;
2019-11-28 20:53:12 - [TEST_STEP][PASSED] - println(Updated_Excerpt): null&#xD;
&#xD;
2019-11-28 20:53:12 - [TEST_STEP][PASSED] - updatedResponse = sendRequest(findTestObject("REST Example/Books Requests/Update Specefic Book Request", ["book_id":Book_ID, "book_title":Updated_Title, "book_description":Updated_Description, "book_excerpt":Updated_Excerpt, "book_published":Book_Published])): Send request successfully&#xD;
&#xD;
2019-11-28 20:53:12 - [MESSAGE][INFO] - HAR: G:\Katalon Studio\Katalon Workspace\REST API Service Workouts\Reports\20191128_205305\Multiple DataSources\Multiple Sources Test Suite\20191128_205305\requests\main\1.har&#xD;
&#xD;
2019-11-28 20:53:12 - [MESSAGE][PASSED] - Send request successfully&#xD;
&#xD;
2019-11-28 20:53:12 - [TEST_STEP][PASSED] - updatedContent = jsonResponse.parseText(responseBodyContent): null&#xD;
&#xD;
2019-11-28 20:53:12 - [TEST_STEP][PASSED] - extract_updatedTitle = Title: null&#xD;
&#xD;
2019-11-28 20:53:12 - [TEST_STEP][PASSED] - extract_updatedDescription = Description: null&#xD;
&#xD;
2019-11-28 20:53:12 - [TEST_STEP][PASSED] - extract_updatedExcerpt = Excerpt: null&#xD;
&#xD;
2019-11-28 20:53:12 - [TEST_STEP][PASSED] - assert Updated_Title == extract_updatedTitle: null&#xD;
&#xD;
2019-11-28 20:53:12 - [TEST_STEP][PASSED] - assert Updated_Description == extract_updatedDescription: null&#xD;
&#xD;
2019-11-28 20:53:12 - [TEST_STEP][PASSED] - assert Updated_Excerpt == extract_updatedExcerpt: null&#xD;
&#xD;
2019-11-28 20:53:12 - [TEST_STEP][PASSED] - Start listener action : sampleAfterTestCase: null&#xD;
&#xD;
2019-11-28 20:53:12 - [TEST_STEP][PASSED] - println(testCaseContext.getTestCaseId()): null&#xD;
&#xD;
2019-11-28 20:53:12 - [TEST_STEP][PASSED] - println(testCaseContext.getTestCaseStatus()): null</system-out>
            <system-err></system-err>
        </testcase>
        <testcase name="Test Cases/Multiple DataSources/Books Details Test Case" classname="Test Cases/Multiple DataSources/Books Details Test Case" status="PASSED">
            <system-out>2019-11-28 20:53:13 - [TEST_CASE][PASSED] - Test Cases/Multiple DataSources/Books Details Test Case: Test Cases/Multiple DataSources/Books Details Test Case&#xD;
&#xD;
2019-11-28 20:53:13 - [TEST_STEP][PASSED] - Start listener action : sampleBeforeTestCase: null&#xD;
&#xD;
2019-11-28 20:53:13 - [TEST_STEP][PASSED] - println(testCaseContext.getTestCaseId()): null&#xD;
&#xD;
2019-11-28 20:53:13 - [TEST_STEP][PASSED] - println(testCaseContext.getTestCaseVariables()): null&#xD;
&#xD;
2019-11-28 20:53:13 - [TEST_STEP][PASSED] - println(Book_ID): null&#xD;
&#xD;
2019-11-28 20:53:13 - [TEST_STEP][PASSED] - println(Book_Title): null&#xD;
&#xD;
2019-11-28 20:53:13 - [TEST_STEP][PASSED] - println(Book_Description): null&#xD;
&#xD;
2019-11-28 20:53:13 - [TEST_STEP][PASSED] - println(Book_Excerpt): null&#xD;
&#xD;
2019-11-28 20:53:13 - [TEST_STEP][PASSED] - println(Book_Published): null&#xD;
&#xD;
2019-11-28 20:53:13 - [TEST_STEP][PASSED] - date = new java.util.Date(): null&#xD;
&#xD;
2019-11-28 20:53:13 - [TEST_STEP][PASSED] - dateFormat = calendarDate: null&#xD;
&#xD;
2019-11-28 20:53:13 - [TEST_STEP][PASSED] - println(dateFormat): null&#xD;
&#xD;
2019-11-28 20:53:13 - [TEST_STEP][PASSED] - Book_Published = dateFormat: null&#xD;
&#xD;
2019-11-28 20:53:13 - [TEST_STEP][PASSED] - createdResponse = sendRequest(findTestObject("REST Example/Books Requests/Post New Book Request", ["book_id":Book_ID, "book_title":Book_Title, "book_description":Book_Description, "book_excerpt":Book_Excerpt, "books_published":Book_Published])): Send request successfully&#xD;
&#xD;
2019-11-28 20:53:13 - [MESSAGE][INFO] - HAR: G:\Katalon Studio\Katalon Workspace\REST API Service Workouts\Reports\20191128_205305\Multiple DataSources\Multiple Sources Test Suite\20191128_205305\requests\main\2.har&#xD;
&#xD;
2019-11-28 20:53:13 - [MESSAGE][PASSED] - Send request successfully&#xD;
&#xD;
2019-11-28 20:53:13 - [TEST_STEP][PASSED] - jsonResponse = new groovy.json.JsonSlurper(): null&#xD;
&#xD;
2019-11-28 20:53:13 - [TEST_STEP][PASSED] - createdContent = jsonResponse.parseText(responseBodyContent): null&#xD;
&#xD;
2019-11-28 20:53:13 - [TEST_STEP][PASSED] - extract_BookID = ID: null&#xD;
&#xD;
2019-11-28 20:53:13 - [TEST_STEP][PASSED] - extract_BookTitle = Title: null&#xD;
&#xD;
2019-11-28 20:53:13 - [TEST_STEP][PASSED] - extract_BookDescription = Description: null&#xD;
&#xD;
2019-11-28 20:53:13 - [TEST_STEP][PASSED] - extract_BookExcerpt = Excerpt: null&#xD;
&#xD;
2019-11-28 20:53:13 - [TEST_STEP][PASSED] - extract_BookPDate = PublishDate: null&#xD;
&#xD;
2019-11-28 20:53:13 - [TEST_STEP][PASSED] - assert Book_Title == extract_BookTitle: null&#xD;
&#xD;
2019-11-28 20:53:13 - [TEST_STEP][PASSED] - assert Book_Description == extract_BookDescription: null&#xD;
&#xD;
2019-11-28 20:53:13 - [TEST_STEP][PASSED] - assert Book_Excerpt == extract_BookExcerpt: null&#xD;
&#xD;
2019-11-28 20:53:13 - [TEST_STEP][PASSED] - println(Updated_Title): null&#xD;
&#xD;
2019-11-28 20:53:13 - [TEST_STEP][PASSED] - println(Updated_Description): null&#xD;
&#xD;
2019-11-28 20:53:13 - [TEST_STEP][PASSED] - println(Updated_Excerpt): null&#xD;
&#xD;
2019-11-28 20:53:13 - [TEST_STEP][PASSED] - updatedResponse = sendRequest(findTestObject("REST Example/Books Requests/Update Specefic Book Request", ["book_id":Book_ID, "book_title":Updated_Title, "book_description":Updated_Description, "book_excerpt":Updated_Excerpt, "book_published":Book_Published])): Send request successfully&#xD;
&#xD;
2019-11-28 20:53:13 - [MESSAGE][INFO] - HAR: G:\Katalon Studio\Katalon Workspace\REST API Service Workouts\Reports\20191128_205305\Multiple DataSources\Multiple Sources Test Suite\20191128_205305\requests\main\3.har&#xD;
&#xD;
2019-11-28 20:53:13 - [MESSAGE][PASSED] - Send request successfully&#xD;
&#xD;
2019-11-28 20:53:13 - [TEST_STEP][PASSED] - updatedContent = jsonResponse.parseText(responseBodyContent): null&#xD;
&#xD;
2019-11-28 20:53:13 - [TEST_STEP][PASSED] - extract_updatedTitle = Title: null&#xD;
&#xD;
2019-11-28 20:53:13 - [TEST_STEP][PASSED] - extract_updatedDescription = Description: null&#xD;
&#xD;
2019-11-28 20:53:13 - [TEST_STEP][PASSED] - extract_updatedExcerpt = Excerpt: null&#xD;
&#xD;
2019-11-28 20:53:13 - [TEST_STEP][PASSED] - assert Updated_Title == extract_updatedTitle: null&#xD;
&#xD;
2019-11-28 20:53:13 - [TEST_STEP][PASSED] - assert Updated_Description == extract_updatedDescription: null&#xD;
&#xD;
2019-11-28 20:53:13 - [TEST_STEP][PASSED] - assert Updated_Excerpt == extract_updatedExcerpt: null&#xD;
&#xD;
2019-11-28 20:53:13 - [TEST_STEP][PASSED] - Start listener action : sampleAfterTestCase: null&#xD;
&#xD;
2019-11-28 20:53:13 - [TEST_STEP][PASSED] - println(testCaseContext.getTestCaseId()): null&#xD;
&#xD;
2019-11-28 20:53:13 - [TEST_STEP][PASSED] - println(testCaseContext.getTestCaseStatus()): null</system-out>
            <system-err></system-err>
        </testcase>
        <testcase name="Test Cases/Multiple DataSources/Books Details Test Case" classname="Test Cases/Multiple DataSources/Books Details Test Case" status="PASSED">
            <system-out>2019-11-28 20:53:13 - [TEST_CASE][PASSED] - Test Cases/Multiple DataSources/Books Details Test Case: Test Cases/Multiple DataSources/Books Details Test Case&#xD;
&#xD;
2019-11-28 20:53:13 - [TEST_STEP][PASSED] - Start listener action : sampleBeforeTestCase: null&#xD;
&#xD;
2019-11-28 20:53:13 - [TEST_STEP][PASSED] - println(testCaseContext.getTestCaseId()): null&#xD;
&#xD;
2019-11-28 20:53:13 - [TEST_STEP][PASSED] - println(testCaseContext.getTestCaseVariables()): null&#xD;
&#xD;
2019-11-28 20:53:13 - [TEST_STEP][PASSED] - println(Book_ID): null&#xD;
&#xD;
2019-11-28 20:53:13 - [TEST_STEP][PASSED] - println(Book_Title): null&#xD;
&#xD;
2019-11-28 20:53:13 - [TEST_STEP][PASSED] - println(Book_Description): null&#xD;
&#xD;
2019-11-28 20:53:13 - [TEST_STEP][PASSED] - println(Book_Excerpt): null&#xD;
&#xD;
2019-11-28 20:53:13 - [TEST_STEP][PASSED] - println(Book_Published): null&#xD;
&#xD;
2019-11-28 20:53:13 - [TEST_STEP][PASSED] - date = new java.util.Date(): null&#xD;
&#xD;
2019-11-28 20:53:13 - [TEST_STEP][PASSED] - dateFormat = calendarDate: null&#xD;
&#xD;
2019-11-28 20:53:13 - [TEST_STEP][PASSED] - println(dateFormat): null&#xD;
&#xD;
2019-11-28 20:53:13 - [TEST_STEP][PASSED] - Book_Published = dateFormat: null&#xD;
&#xD;
2019-11-28 20:53:13 - [TEST_STEP][PASSED] - createdResponse = sendRequest(findTestObject("REST Example/Books Requests/Post New Book Request", ["book_id":Book_ID, "book_title":Book_Title, "book_description":Book_Description, "book_excerpt":Book_Excerpt, "books_published":Book_Published])): Send request successfully&#xD;
&#xD;
2019-11-28 20:53:14 - [MESSAGE][INFO] - HAR: G:\Katalon Studio\Katalon Workspace\REST API Service Workouts\Reports\20191128_205305\Multiple DataSources\Multiple Sources Test Suite\20191128_205305\requests\main\4.har&#xD;
&#xD;
2019-11-28 20:53:14 - [MESSAGE][PASSED] - Send request successfully&#xD;
&#xD;
2019-11-28 20:53:14 - [TEST_STEP][PASSED] - jsonResponse = new groovy.json.JsonSlurper(): null&#xD;
&#xD;
2019-11-28 20:53:14 - [TEST_STEP][PASSED] - createdContent = jsonResponse.parseText(responseBodyContent): null&#xD;
&#xD;
2019-11-28 20:53:14 - [TEST_STEP][PASSED] - extract_BookID = ID: null&#xD;
&#xD;
2019-11-28 20:53:14 - [TEST_STEP][PASSED] - extract_BookTitle = Title: null&#xD;
&#xD;
2019-11-28 20:53:14 - [TEST_STEP][PASSED] - extract_BookDescription = Description: null&#xD;
&#xD;
2019-11-28 20:53:14 - [TEST_STEP][PASSED] - extract_BookExcerpt = Excerpt: null&#xD;
&#xD;
2019-11-28 20:53:14 - [TEST_STEP][PASSED] - extract_BookPDate = PublishDate: null&#xD;
&#xD;
2019-11-28 20:53:14 - [TEST_STEP][PASSED] - assert Book_Title == extract_BookTitle: null&#xD;
&#xD;
2019-11-28 20:53:14 - [TEST_STEP][PASSED] - assert Book_Description == extract_BookDescription: null&#xD;
&#xD;
2019-11-28 20:53:14 - [TEST_STEP][PASSED] - assert Book_Excerpt == extract_BookExcerpt: null&#xD;
&#xD;
2019-11-28 20:53:14 - [TEST_STEP][PASSED] - println(Updated_Title): null&#xD;
&#xD;
2019-11-28 20:53:14 - [TEST_STEP][PASSED] - println(Updated_Description): null&#xD;
&#xD;
2019-11-28 20:53:14 - [TEST_STEP][PASSED] - println(Updated_Excerpt): null&#xD;
&#xD;
2019-11-28 20:53:14 - [TEST_STEP][PASSED] - updatedResponse = sendRequest(findTestObject("REST Example/Books Requests/Update Specefic Book Request", ["book_id":Book_ID, "book_title":Updated_Title, "book_description":Updated_Description, "book_excerpt":Updated_Excerpt, "book_published":Book_Published])): Send request successfully&#xD;
&#xD;
2019-11-28 20:53:14 - [MESSAGE][INFO] - HAR: G:\Katalon Studio\Katalon Workspace\REST API Service Workouts\Reports\20191128_205305\Multiple DataSources\Multiple Sources Test Suite\20191128_205305\requests\main\5.har&#xD;
&#xD;
2019-11-28 20:53:14 - [MESSAGE][PASSED] - Send request successfully&#xD;
&#xD;
2019-11-28 20:53:14 - [TEST_STEP][PASSED] - updatedContent = jsonResponse.parseText(responseBodyContent): null&#xD;
&#xD;
2019-11-28 20:53:14 - [TEST_STEP][PASSED] - extract_updatedTitle = Title: null&#xD;
&#xD;
2019-11-28 20:53:14 - [TEST_STEP][PASSED] - extract_updatedDescription = Description: null&#xD;
&#xD;
2019-11-28 20:53:14 - [TEST_STEP][PASSED] - extract_updatedExcerpt = Excerpt: null&#xD;
&#xD;
2019-11-28 20:53:14 - [TEST_STEP][PASSED] - assert Updated_Title == extract_updatedTitle: null&#xD;
&#xD;
2019-11-28 20:53:14 - [TEST_STEP][PASSED] - assert Updated_Description == extract_updatedDescription: null&#xD;
&#xD;
2019-11-28 20:53:14 - [TEST_STEP][PASSED] - assert Updated_Excerpt == extract_updatedExcerpt: null&#xD;
&#xD;
2019-11-28 20:53:14 - [TEST_STEP][PASSED] - Start listener action : sampleAfterTestCase: null&#xD;
&#xD;
2019-11-28 20:53:14 - [TEST_STEP][PASSED] - println(testCaseContext.getTestCaseId()): null&#xD;
&#xD;
2019-11-28 20:53:14 - [TEST_STEP][PASSED] - println(testCaseContext.getTestCaseStatus()): null</system-out>
            <system-err></system-err>
        </testcase>
        <testcase name="Test Cases/Multiple DataSources/Books Details Test Case" classname="Test Cases/Multiple DataSources/Books Details Test Case" status="PASSED">
            <system-out>2019-11-28 20:53:14 - [TEST_CASE][PASSED] - Test Cases/Multiple DataSources/Books Details Test Case: Test Cases/Multiple DataSources/Books Details Test Case&#xD;
&#xD;
2019-11-28 20:53:14 - [TEST_STEP][PASSED] - Start listener action : sampleBeforeTestCase: null&#xD;
&#xD;
2019-11-28 20:53:14 - [TEST_STEP][PASSED] - println(testCaseContext.getTestCaseId()): null&#xD;
&#xD;
2019-11-28 20:53:14 - [TEST_STEP][PASSED] - println(testCaseContext.getTestCaseVariables()): null&#xD;
&#xD;
2019-11-28 20:53:14 - [TEST_STEP][PASSED] - println(Book_ID): null&#xD;
&#xD;
2019-11-28 20:53:14 - [TEST_STEP][PASSED] - println(Book_Title): null&#xD;
&#xD;
2019-11-28 20:53:14 - [TEST_STEP][PASSED] - println(Book_Description): null&#xD;
&#xD;
2019-11-28 20:53:14 - [TEST_STEP][PASSED] - println(Book_Excerpt): null&#xD;
&#xD;
2019-11-28 20:53:14 - [TEST_STEP][PASSED] - println(Book_Published): null&#xD;
&#xD;
2019-11-28 20:53:14 - [TEST_STEP][PASSED] - date = new java.util.Date(): null&#xD;
&#xD;
2019-11-28 20:53:14 - [TEST_STEP][PASSED] - dateFormat = calendarDate: null&#xD;
&#xD;
2019-11-28 20:53:14 - [TEST_STEP][PASSED] - println(dateFormat): null&#xD;
&#xD;
2019-11-28 20:53:14 - [TEST_STEP][PASSED] - Book_Published = dateFormat: null&#xD;
&#xD;
2019-11-28 20:53:14 - [TEST_STEP][PASSED] - createdResponse = sendRequest(findTestObject("REST Example/Books Requests/Post New Book Request", ["book_id":Book_ID, "book_title":Book_Title, "book_description":Book_Description, "book_excerpt":Book_Excerpt, "books_published":Book_Published])): Send request successfully&#xD;
&#xD;
2019-11-28 20:53:14 - [MESSAGE][INFO] - HAR: G:\Katalon Studio\Katalon Workspace\REST API Service Workouts\Reports\20191128_205305\Multiple DataSources\Multiple Sources Test Suite\20191128_205305\requests\main\6.har&#xD;
&#xD;
2019-11-28 20:53:14 - [MESSAGE][PASSED] - Send request successfully&#xD;
&#xD;
2019-11-28 20:53:14 - [TEST_STEP][PASSED] - jsonResponse = new groovy.json.JsonSlurper(): null&#xD;
&#xD;
2019-11-28 20:53:14 - [TEST_STEP][PASSED] - createdContent = jsonResponse.parseText(responseBodyContent): null&#xD;
&#xD;
2019-11-28 20:53:14 - [TEST_STEP][PASSED] - extract_BookID = ID: null&#xD;
&#xD;
2019-11-28 20:53:14 - [TEST_STEP][PASSED] - extract_BookTitle = Title: null&#xD;
&#xD;
2019-11-28 20:53:14 - [TEST_STEP][PASSED] - extract_BookDescription = Description: null&#xD;
&#xD;
2019-11-28 20:53:14 - [TEST_STEP][PASSED] - extract_BookExcerpt = Excerpt: null&#xD;
&#xD;
2019-11-28 20:53:14 - [TEST_STEP][PASSED] - extract_BookPDate = PublishDate: null&#xD;
&#xD;
2019-11-28 20:53:14 - [TEST_STEP][PASSED] - assert Book_Title == extract_BookTitle: null&#xD;
&#xD;
2019-11-28 20:53:14 - [TEST_STEP][PASSED] - assert Book_Description == extract_BookDescription: null&#xD;
&#xD;
2019-11-28 20:53:14 - [TEST_STEP][PASSED] - assert Book_Excerpt == extract_BookExcerpt: null&#xD;
&#xD;
2019-11-28 20:53:14 - [TEST_STEP][PASSED] - println(Updated_Title): null&#xD;
&#xD;
2019-11-28 20:53:14 - [TEST_STEP][PASSED] - println(Updated_Description): null&#xD;
&#xD;
2019-11-28 20:53:14 - [TEST_STEP][PASSED] - println(Updated_Excerpt): null&#xD;
&#xD;
2019-11-28 20:53:14 - [TEST_STEP][PASSED] - updatedResponse = sendRequest(findTestObject("REST Example/Books Requests/Update Specefic Book Request", ["book_id":Book_ID, "book_title":Updated_Title, "book_description":Updated_Description, "book_excerpt":Updated_Excerpt, "book_published":Book_Published])): Send request successfully&#xD;
&#xD;
2019-11-28 20:53:15 - [MESSAGE][INFO] - HAR: G:\Katalon Studio\Katalon Workspace\REST API Service Workouts\Reports\20191128_205305\Multiple DataSources\Multiple Sources Test Suite\20191128_205305\requests\main\7.har&#xD;
&#xD;
2019-11-28 20:53:15 - [MESSAGE][PASSED] - Send request successfully&#xD;
&#xD;
2019-11-28 20:53:15 - [TEST_STEP][PASSED] - updatedContent = jsonResponse.parseText(responseBodyContent): null&#xD;
&#xD;
2019-11-28 20:53:15 - [TEST_STEP][PASSED] - extract_updatedTitle = Title: null&#xD;
&#xD;
2019-11-28 20:53:15 - [TEST_STEP][PASSED] - extract_updatedDescription = Description: null&#xD;
&#xD;
2019-11-28 20:53:15 - [TEST_STEP][PASSED] - extract_updatedExcerpt = Excerpt: null&#xD;
&#xD;
2019-11-28 20:53:15 - [TEST_STEP][PASSED] - assert Updated_Title == extract_updatedTitle: null&#xD;
&#xD;
2019-11-28 20:53:15 - [TEST_STEP][PASSED] - assert Updated_Description == extract_updatedDescription: null&#xD;
&#xD;
2019-11-28 20:53:15 - [TEST_STEP][PASSED] - assert Updated_Excerpt == extract_updatedExcerpt: null&#xD;
&#xD;
2019-11-28 20:53:15 - [TEST_STEP][PASSED] - Start listener action : sampleAfterTestCase: null&#xD;
&#xD;
2019-11-28 20:53:15 - [TEST_STEP][PASSED] - println(testCaseContext.getTestCaseId()): null&#xD;
&#xD;
2019-11-28 20:53:15 - [TEST_STEP][PASSED] - println(testCaseContext.getTestCaseStatus()): null</system-out>
            <system-err></system-err>
        </testcase>
        <system-out>2019-11-28 20:53:08 - [TEST_SUITE][INCOMPLETE] - Multiple Sources Test Suite: null</system-out>
        <system-err>2019-11-28 20:53:08 - [TEST_SUITE][INCOMPLETE] - Multiple Sources Test Suite: null</system-err>
    </testsuite>
</testsuites>
